<?xml version="1.0" encoding="utf-8"?><testsuites name="pytest tests"><testsuite name="pytest" errors="0" failures="0" skipped="0" tests="28" time="5.050" timestamp="2026-06-25T20:37:42.689571+00:00" hostname="agent-env-7156417f-f725-45cb-b343-acadfe23c10c"><testcase classname="tests.test_intratest_backend.TestAuth" name="test_health" time="0.144" /><testcase classname="tests.test_intratest_backend.TestAuth" name="test_login_success_sets_cookies" time="0.525" /><testcase classname="tests.test_intratest_backend.TestProjects" name="test_list_projects" time="0.661" /><testcase classname="tests.test_intratest_backend.TestProjects" name="test_create_project_seeds_envs" time="0.120" /><testcase classname="tests.test_intratest_backend.TestAuth" name="test_login_wrong_password" time="0.337" /><testcase classname="tests.test_intratest_backend.TestProjects" name="test_patch_project" time="0.282" /><testcase classname="tests.test_intratest_backend.TestProjects" name="test_delete_project" time="0.279" /><testcase classname="tests.test_intratest_backend.TestAuth" name="test_me_returns_user" time="0.382" /><testcase classname="tests.test_intratest_backend" name="test_keywords_listing" time="0.051" /><testcase classname="tests.test_intratest_backend.TestAuth" name="test_logout_clears" time="0.392" /><testcase classname="tests.test_intratest_backend" name="test_create_and_list_elements" time="0.385" /><testcase classname="tests.test_intratest_backend" name="test_api_test_run_real_http" time="0.188" /><testcase classname="tests.test_intratest_backend.TestTestCases" name="test_create_test_case" time="0.105" /><testcase classname="tests.test_intratest_backend.TestTestCases" name="test_list_filter_by_project" time="0.055" /><testcase classname="tests.test_intratest_backend.TestTestCases" name="test_patch_increments_version" time="0.211" /><testcase classname="tests.test_intratest_backend" name="test_web_execution_real_playwright" time="2.294" /><testcase classname="tests.test_intratest_backend.TestTestCases" name="test_delete_tc" time="0.055" /><testcase classname="tests.test_intratest_backend.TestAdmin" name="test_admin_users" time="0.057" /><testcase classname="tests.test_intratest_backend.TestAdmin" name="test_admin_audit_logs" time="0.050" /><testcase classname="tests.test_intratest_backend.TestAdmin" name="test_admin_health" time="0.056" /><testcase classname="tests.test_intratest_backend.TestAdmin" name="test_qa_cannot_create_admin_user" time="0.523" /><testcase classname="tests.test_intratest_backend.TestTestSuites" name="test_create_suite" time="0.141" /><testcase classname="tests.test_intratest_backend.TestTestSuites" name="test_list_suite" time="0.079" /><testcase classname="tests.test_intratest_backend.TestTestSuites" name="test_delete_suite" time="0.065" /><testcase classname="tests.test_intratest_backend.TestReports" name="test_summary" time="0.062" /><testcase classname="tests.test_intratest_backend.TestReports" name="test_trend" time="0.049" /><testcase classname="tests.test_intratest_backend.TestReports" name="test_flaky" time="0.067" /><testcase classname="tests.test_intratest_backend.TestReports" name="test_recent" time="0.063" /></testsuite></testsuites>